2018-02-17 10:23:39.759  INFO2018-02-17 10:23:39.781  INFO2018-02-17 10:23:39.928  INFO2018-02-17 10:23:41.621  INFO2018-02-17 10:23:44.255  INFO2018-02-17 10:23:44.299  INFO2018-02-17 10:23:44.676  INFO2018-02-17 10:23:44.679  INFO2018-02-17 10:23:44.682  INFO2018-02-17 10:23:44.781  INFO2018-02-17 10:23:45.128  INFO2018-02-17 10:23:46.091  WARN2018-02-17 10:23:47.307  INFO2018-02-17 10:23:48.194  INFO2018-02-17 10:23:49.716  INFO2018-02-17 10:23:49.748  INFO2018-02-17 10:27:05.359  INFO2018-02-17 10:27:05.374  INFO2018-02-17 10:27:15.063  INFO - Starting application on merinethomas-PC with PID 3796 (started by Norman in E:\Matha\MathaApp\matha)
"2018-02-17 10:27:15.068  INFO - No active profile set, falling back to default profiles: default
"2018-02-17 10:27:15.211  INFO - Refreshing org.springframework.context.annotation.AnnotationConfigApplicationContext@d296b40: startup date [Sat Feb 17 10:27:15 IST 2018]; root of context hierarchy
"2018-02-17 10:27:16.746  INFO - JSR-330 'javax.inject.Inject' annotation found and supported for autowiring
"2018-02-17 10:27:19.298  INFO - Building JPA container EntityManagerFactory for persistence unit 'default'
"2018-02-17 10:27:19.356  INFO - HHH000204: Processing PersistenceUnitInfo [
	name: default
	...]
"2018-02-17 10:27:19.767  INFO - HHH000412: Hibernate Core {5.0.12.Final}
"2018-02-17 10:27:19.771  INFO - HHH000206: hibernate.properties not found
"2018-02-17 10:27:19.774  INFO - HHH000021: Bytecode provider name : javassist
"2018-02-17 10:27:19.861  INFO - HCANN000001: Hibernate Commons Annotations {5.0.1.Final}
"2018-02-17 10:27:20.216  INFO - HHH000400: Using dialect: org.hibernate.dialect.SQLServer2008Dialect
"2018-02-17 10:27:21.126  WARN - HHH000065: DEPRECATED : use [org.hibernate.id.UUIDGenerator] instead with custom [org.hibernate.id.UUIDGenerationStrategy] implementation
"2018-02-17 10:27:22.333  INFO - Initialized JPA EntityManagerFactory for persistence unit 'default'
"2018-02-17 10:27:23.301  INFO - HHH000397: Using ASTQueryTranslatorFactory
"2018-02-17 10:27:25.071  INFO - Registering beans for JMX exposure on startup
"2018-02-17 10:27:25.102  INFO - Started application in 10.966 seconds (JVM running for 13.725)
"2018-02-17 10:28:50.785  INFO - Starting application on merinethomas-PC with PID 1212 (started by Norman in E:\Matha\MathaApp\matha)
2018-02-17 10:28:50.791  INFO - No active profile set, falling back to default profiles: default
2018-02-17 10:28:51.055  INFO - Refreshing org.springframework.context.annotation.AnnotationConfigApplicationContext@647a0a9a: startup date [Sat Feb 17 10:28:51 IST 2018]; root of context hierarchy
2018-02-17 10:28:52.929  INFO - JSR-330 'javax.inject.Inject' annotation found and supported for autowiring
2018-02-17 10:28:55.612  INFO - Building JPA container EntityManagerFactory for persistence unit 'default'
2018-02-17 10:28:55.659  INFO - HHH000204: Processing PersistenceUnitInfo [
	name: default
	...]
2018-02-17 10:28:56.018  INFO - HHH000412: Hibernate Core {5.0.12.Final}
2018-02-17 10:28:56.022  INFO - HHH000206: hibernate.properties not found
2018-02-17 10:28:56.026  INFO - HHH000021: Bytecode provider name : javassist
2018-02-17 10:28:56.106  INFO - HCANN000001: Hibernate Commons Annotations {5.0.1.Final}
2018-02-17 10:28:56.375  INFO - HHH000400: Using dialect: org.hibernate.dialect.SQLServer2008Dialect
2018-02-17 10:28:57.288  WARN - HHH000065: DEPRECATED : use [org.hibernate.id.UUIDGenerator] instead with custom [org.hibernate.id.UUIDGenerationStrategy] implementation
2018-02-17 10:28:58.521  INFO - Initialized JPA EntityManagerFactory for persistence unit 'default'
2018-02-17 10:28:59.470  INFO - HHH000397: Using ASTQueryTranslatorFactory
2018-02-17 10:29:01.026  INFO - Registering beans for JMX exposure on startup
2018-02-17 10:29:01.058  INFO - Started application in 11.579 seconds (JVM running for 14.365)
2018-02-17 10:29:38.979  INFO - Closing org.springframework.context.annotation.AnnotationConfigApplicationContext@647a0a9a: startup date [Sat Feb 17 10:28:51 IST 2018]; root of context hierarchy
2018-02-17 10:29:38.994  INFO - Unregistering JMX-exposed beans on shutdown
2018-02-17 10:29:38.994  INFO - Closing JPA EntityManagerFactory for persistence unit 'default'
2018-02-17 10:39:13.100  INFO - Starting application on merinethomas-PC with PID 5348 (started by Norman in E:\Matha\MathaApp\matha)
2018-02-17 10:39:13.105  INFO - No active profile set, falling back to default profiles: default
2018-02-17 10:39:13.251  INFO - Refreshing org.springframework.context.annotation.AnnotationConfigApplicationContext@d296b40: startup date [Sat Feb 17 10:39:13 IST 2018]; root of context hierarchy
2018-02-17 10:39:14.904  INFO - JSR-330 'javax.inject.Inject' annotation found and supported for autowiring
2018-02-17 10:39:17.419  INFO - Building JPA container EntityManagerFactory for persistence unit 'default'
2018-02-17 10:39:17.473  INFO - HHH000204: Processing PersistenceUnitInfo [
	name: default
	...]
2018-02-17 10:39:17.868  INFO - HHH000412: Hibernate Core {5.0.12.Final}
2018-02-17 10:39:17.872  INFO - HHH000206: hibernate.properties not found
2018-02-17 10:39:17.876  INFO - HHH000021: Bytecode provider name : javassist
2018-02-17 10:39:18.014  INFO - HCANN000001: Hibernate Commons Annotations {5.0.1.Final}
2018-02-17 10:39:18.496  INFO - HHH000400: Using dialect: org.hibernate.dialect.SQLServer2008Dialect
2018-02-17 10:39:19.483  WARN - HHH000065: DEPRECATED : use [org.hibernate.id.UUIDGenerator] instead with custom [org.hibernate.id.UUIDGenerationStrategy] implementation
2018-02-17 10:39:20.599  INFO - Initialized JPA EntityManagerFactory for persistence unit 'default'
2018-02-17 10:39:21.605  INFO - HHH000397: Using ASTQueryTranslatorFactory
2018-02-17 10:39:23.355  INFO - Registering beans for JMX exposure on startup
2018-02-17 10:39:23.391  INFO - Started application in 11.274 seconds (JVM running for 14.006)
2018-02-17 10:42:28.317  INFO - Closing org.springframework.context.annotation.AnnotationConfigApplicationContext@d296b40: startup date [Sat Feb 17 10:39:13 IST 2018]; root of context hierarchy
2018-02-17 21:28:38.297  INFO - Starting application on merinethomas-PC with PID 7940 (started by Norman in E:\Matha\MathaApp\matha)
2018-02-17 21:28:38.344  INFO - No active profile set, falling back to default profiles: default
2018-02-17 21:28:38.519  INFO - Refreshing org.springframework.context.annotation.AnnotationConfigApplicationContext@5f88a1ce: startup date [Sat Feb 17 21:28:38 IST 2018]; root of context hierarchy
2018-02-17 21:28:41.054  INFO - JSR-330 'javax.inject.Inject' annotation found and supported for autowiring
2018-02-17 21:28:44.058  INFO - Building JPA container EntityManagerFactory for persistence unit 'default'
2018-02-17 21:28:44.135  INFO - HHH000204: Processing PersistenceUnitInfo [
	name: default
	...]
2018-02-17 21:28:44.757  INFO - HHH000412: Hibernate Core {5.0.12.Final}
2018-02-17 21:28:44.761  INFO - HHH000206: hibernate.properties not found
2018-02-17 21:28:44.766  INFO - HHH000021: Bytecode provider name : javassist
2018-02-17 21:28:44.931  INFO - HCANN000001: Hibernate Commons Annotations {5.0.1.Final}
2018-02-17 21:28:45.413  INFO - HHH000400: Using dialect: org.hibernate.dialect.SQLServer2008Dialect
2018-02-17 21:28:46.544  WARN - HHH000065: DEPRECATED : use [org.hibernate.id.UUIDGenerator] instead with custom [org.hibernate.id.UUIDGenerationStrategy] implementation
2018-02-17 21:28:48.259  INFO - Initialized JPA EntityManagerFactory for persistence unit 'default'
2018-02-17 21:28:49.658  INFO - HHH000397: Using ASTQueryTranslatorFactory
2018-02-17 21:28:51.946  INFO - Registering beans for JMX exposure on startup
2018-02-17 21:28:51.995  INFO - Started application in 15.489 seconds (JVM running for 23.72)
2018-02-17 21:37:04.687  INFO - Closing org.springframework.context.annotation.AnnotationConfigApplicationContext@5f88a1ce: startup date [Sat Feb 17 21:28:38 IST 2018]; root of context hierarchy
2018-02-17 21:37:14.962  INFO - Starting application on merinethomas-PC with PID 8024 (started by Norman in E:\Matha\MathaApp\matha)
2018-02-17 21:37:14.968  INFO - No active profile set, falling back to default profiles: default
2018-02-17 21:37:15.155  INFO - Refreshing org.springframework.context.annotation.AnnotationConfigApplicationContext@1b54dddb: startup date [Sat Feb 17 21:37:15 IST 2018]; root of context hierarchy
2018-02-17 21:37:17.716  INFO - JSR-330 'javax.inject.Inject' annotation found and supported for autowiring
2018-02-17 21:37:21.603  INFO - Building JPA container EntityManagerFactory for persistence unit 'default'
2018-02-17 21:37:21.681  INFO - HHH000204: Processing PersistenceUnitInfo [
	name: default
	...]
2018-02-17 21:37:22.277  INFO - HHH000412: Hibernate Core {5.0.12.Final}
2018-02-17 21:37:22.284  INFO - HHH000206: hibernate.properties not found
2018-02-17 21:37:22.291  INFO - HHH000021: Bytecode provider name : javassist
2018-02-17 21:37:22.515  INFO - HCANN000001: Hibernate Commons Annotations {5.0.1.Final}
2018-02-17 21:37:23.100  INFO - HHH000400: Using dialect: org.hibernate.dialect.SQLServer2008Dialect
2018-02-17 21:37:24.690  WARN - HHH000065: DEPRECATED : use [org.hibernate.id.UUIDGenerator] instead with custom [org.hibernate.id.UUIDGenerationStrategy] implementation
2018-02-17 21:37:26.821  INFO - Initialized JPA EntityManagerFactory for persistence unit 'default'
2018-02-17 21:37:28.369  INFO - HHH000397: Using ASTQueryTranslatorFactory
2018-02-17 21:37:32.252  INFO - Registering beans for JMX exposure on startup
2018-02-17 21:37:32.302  INFO - Started application in 18.642 seconds (JVM running for 22.593)
2018-02-17 21:42:40.652  INFO - Closing org.springframework.context.annotation.AnnotationConfigApplicationContext@1b54dddb: startup date [Sat Feb 17 21:37:15 IST 2018]; root of context hierarchy
2018-02-18 18:23:19.135  INFO - Starting application on merinethomas-PC with PID 10184 (started by Norman in E:\Matha\MathaApp\matha)
2018-02-18 18:23:19.152  INFO - No active profile set, falling back to default profiles: default
2018-02-18 18:23:19.336  INFO - Refreshing org.springframework.context.annotation.AnnotationConfigApplicationContext@61349b0: startup date [Sun Feb 18 18:23:19 IST 2018]; root of context hierarchy
2018-02-18 18:23:21.570  INFO - JSR-330 'javax.inject.Inject' annotation found and supported for autowiring
2018-02-18 18:23:25.250  INFO - Building JPA container EntityManagerFactory for persistence unit 'default'
2018-02-18 18:23:25.318  INFO - HHH000204: Processing PersistenceUnitInfo [
	name: default
	...]
2018-02-18 18:23:25.852  INFO - HHH000412: Hibernate Core {5.0.12.Final}
2018-02-18 18:23:25.856  INFO - HHH000206: hibernate.properties not found
2018-02-18 18:23:25.860  INFO - HHH000021: Bytecode provider name : javassist
2018-02-18 18:23:26.001  INFO - HCANN000001: Hibernate Commons Annotations {5.0.1.Final}
2018-02-18 18:23:26.475  INFO - HHH000400: Using dialect: org.hibernate.dialect.SQLServer2008Dialect
2018-02-18 18:23:28.605  WARN - HHH000065: DEPRECATED : use [org.hibernate.id.UUIDGenerator] instead with custom [org.hibernate.id.UUIDGenerationStrategy] implementation
2018-02-18 18:23:30.109  INFO - Initialized JPA EntityManagerFactory for persistence unit 'default'
2018-02-18 18:23:31.444  INFO - HHH000397: Using ASTQueryTranslatorFactory
2018-02-18 18:23:33.679  INFO - Registering beans for JMX exposure on startup
2018-02-18 18:23:33.728  INFO - Started application in 15.924 seconds (JVM running for 19.768)
2018-02-18 19:11:51.557  INFO - Starting application on merinethomas-PC with PID 6828 (started by Norman in E:\Matha\MathaApp\matha)
2018-02-18 19:11:51.564  INFO - No active profile set, falling back to default profiles: default
2018-02-18 19:11:51.748  INFO - Refreshing org.springframework.context.annotation.AnnotationConfigApplicationContext@4a752058: startup date [Sun Feb 18 19:11:51 IST 2018]; root of context hierarchy
2018-02-18 19:11:54.300  INFO - JSR-330 'javax.inject.Inject' annotation found and supported for autowiring
2018-02-18 19:11:58.385  INFO - Building JPA container EntityManagerFactory for persistence unit 'default'
2018-02-18 19:11:58.483  INFO - HHH000204: Processing PersistenceUnitInfo [
	name: default
	...]
2018-02-18 19:11:59.556  INFO - HHH000412: Hibernate Core {5.0.12.Final}
2018-02-18 19:11:59.560  INFO - HHH000206: hibernate.properties not found
2018-02-18 19:11:59.566  INFO - HHH000021: Bytecode provider name : javassist
2018-02-18 19:11:59.898  INFO - HCANN000001: Hibernate Commons Annotations {5.0.1.Final}
2018-02-18 19:12:00.776  INFO - HHH000400: Using dialect: org.hibernate.dialect.SQLServer2008Dialect
2018-02-18 19:12:01.999  WARN - HHH000065: DEPRECATED : use [org.hibernate.id.UUIDGenerator] instead with custom [org.hibernate.id.UUIDGenerationStrategy] implementation
2018-02-18 19:12:03.576  INFO - Initialized JPA EntityManagerFactory for persistence unit 'default'
2018-02-18 19:12:05.031  INFO - HHH000397: Using ASTQueryTranslatorFactory
2018-02-18 19:12:07.552  INFO - Registering beans for JMX exposure on startup
2018-02-18 19:12:07.601  INFO - Started application in 17.38 seconds (JVM running for 21.252)
2018-02-18 19:14:21.279  INFO - Starting application on merinethomas-PC with PID 3852 (started by Norman in E:\Matha\MathaApp\matha)
2018-02-18 19:14:21.285  INFO - No active profile set, falling back to default profiles: default
2018-02-18 19:14:21.467  INFO - Refreshing org.springframework.context.annotation.AnnotationConfigApplicationContext@5f88a1ce: startup date [Sun Feb 18 19:14:21 IST 2018]; root of context hierarchy
2018-02-18 19:14:23.552  INFO - JSR-330 'javax.inject.Inject' annotation found and supported for autowiring
2018-02-18 19:14:26.833  INFO - Building JPA container EntityManagerFactory for persistence unit 'default'
2018-02-18 19:14:26.894  INFO - HHH000204: Processing PersistenceUnitInfo [
	name: default
	...]
2018-02-18 19:14:27.432  INFO - HHH000412: Hibernate Core {5.0.12.Final}
2018-02-18 19:14:27.436  INFO - HHH000206: hibernate.properties not found
2018-02-18 19:14:27.441  INFO - HHH000021: Bytecode provider name : javassist
2018-02-18 19:14:27.569  INFO - HCANN000001: Hibernate Commons Annotations {5.0.1.Final}
2018-02-18 19:14:27.997  INFO - HHH000400: Using dialect: org.hibernate.dialect.SQLServer2008Dialect
2018-02-18 19:14:29.070  WARN - HHH000065: DEPRECATED : use [org.hibernate.id.UUIDGenerator] instead with custom [org.hibernate.id.UUIDGenerationStrategy] implementation
2018-02-18 19:14:30.715  INFO - Initialized JPA EntityManagerFactory for persistence unit 'default'
2018-02-18 19:14:31.959  INFO - HHH000397: Using ASTQueryTranslatorFactory
2018-02-18 19:14:34.075  INFO - Registering beans for JMX exposure on startup
2018-02-18 19:14:34.121  INFO - Started application in 14.128 seconds (JVM running for 17.884)
2018-02-18 19:20:44.648  INFO - Closing org.springframework.context.annotation.AnnotationConfigApplicationContext@5f88a1ce: startup date [Sun Feb 18 19:14:21 IST 2018]; root of context hierarchy
2018-02-18 19:20:44.651  INFO - Unregistering JMX-exposed beans on shutdown
2018-02-18 19:20:44.651  INFO - Closing JPA EntityManagerFactory for persistence unit 'default'
2018-02-18 19:25:48.003  INFO - Starting application on merinethomas-PC with PID 9176 (started by Norman in E:\Matha\MathaApp\matha)
2018-02-18 19:25:48.009  INFO - No active profile set, falling back to default profiles: default
2018-02-18 19:25:48.194  INFO - Refreshing org.springframework.context.annotation.AnnotationConfigApplicationContext@d296b40: startup date [Sun Feb 18 19:25:48 IST 2018]; root of context hierarchy
2018-02-18 19:25:51.331  INFO - JSR-330 'javax.inject.Inject' annotation found and supported for autowiring
2018-02-18 19:25:55.023  INFO - Building JPA container EntityManagerFactory for persistence unit 'default'
2018-02-18 19:25:55.095  INFO - HHH000204: Processing PersistenceUnitInfo [
	name: default
	...]
2018-02-18 19:25:55.592  INFO - HHH000412: Hibernate Core {5.0.12.Final}
2018-02-18 19:25:55.596  INFO - HHH000206: hibernate.properties not found
2018-02-18 19:25:55.601  INFO - HHH000021: Bytecode provider name : javassist
2018-02-18 19:25:55.716  INFO - HCANN000001: Hibernate Commons Annotations {5.0.1.Final}
2018-02-18 19:25:56.183  INFO - HHH000400: Using dialect: org.hibernate.dialect.SQLServer2008Dialect
2018-02-18 19:25:57.255  WARN - HHH000065: DEPRECATED : use [org.hibernate.id.UUIDGenerator] instead with custom [org.hibernate.id.UUIDGenerationStrategy] implementation
2018-02-18 19:25:58.914  INFO - Initialized JPA EntityManagerFactory for persistence unit 'default'
2018-02-18 19:26:00.252  INFO - HHH000397: Using ASTQueryTranslatorFactory
2018-02-18 19:26:02.485  INFO - Registering beans for JMX exposure on startup
2018-02-18 19:26:02.532  INFO - Started application in 15.813 seconds (JVM running for 19.628)
2018-02-18 19:27:13.892  INFO - Closing org.springframework.context.annotation.AnnotationConfigApplicationContext@d296b40: startup date [Sun Feb 18 19:25:48 IST 2018]; root of context hierarchy
2018-02-18 19:42:12.790  INFO - Starting application on merinethomas-PC with PID 4988 (started by Norman in E:\Matha\MathaApp\matha)
2018-02-18 19:42:12.797  INFO - No active profile set, falling back to default profiles: default
2018-02-18 19:42:12.976  INFO - Refreshing org.springframework.context.annotation.AnnotationConfigApplicationContext@5f88a1ce: startup date [Sun Feb 18 19:42:12 IST 2018]; root of context hierarchy
2018-02-18 19:42:15.154  INFO - JSR-330 'javax.inject.Inject' annotation found and supported for autowiring
2018-02-18 19:42:18.373  INFO - Building JPA container EntityManagerFactory for persistence unit 'default'
2018-02-18 19:42:18.433  INFO - HHH000204: Processing PersistenceUnitInfo [
	name: default
	...]
2018-02-18 19:42:18.944  INFO - HHH000412: Hibernate Core {5.0.12.Final}
2018-02-18 19:42:18.948  INFO - HHH000206: hibernate.properties not found
2018-02-18 19:42:18.952  INFO - HHH000021: Bytecode provider name : javassist
2018-02-18 19:42:19.089  INFO - HCANN000001: Hibernate Commons Annotations {5.0.1.Final}
2018-02-18 19:42:19.584  INFO - HHH000400: Using dialect: org.hibernate.dialect.SQLServer2008Dialect
2018-02-18 19:42:20.717  WARN - HHH000065: DEPRECATED : use [org.hibernate.id.UUIDGenerator] instead with custom [org.hibernate.id.UUIDGenerationStrategy] implementation
2018-02-18 19:42:22.309  INFO - Initialized JPA EntityManagerFactory for persistence unit 'default'
2018-02-18 19:42:23.611  INFO - HHH000397: Using ASTQueryTranslatorFactory
2018-02-18 19:42:25.676  INFO - Registering beans for JMX exposure on startup
2018-02-18 19:42:25.722  INFO - Started application in 14.394 seconds (JVM running for 18.334)
2018-02-18 19:58:17.161  INFO - Closing org.springframework.context.annotation.AnnotationConfigApplicationContext@5f88a1ce: startup date [Sun Feb 18 19:42:12 IST 2018]; root of context hierarchy
2018-02-18 20:16:38.461  INFO - Starting application on merinethomas-PC with PID 8072 (started by Norman in E:\Matha\MathaApp\matha)
2018-02-18 20:16:38.467  INFO - No active profile set, falling back to default profiles: default
2018-02-18 20:16:38.634  INFO - Refreshing org.springframework.context.annotation.AnnotationConfigApplicationContext@d296b40: startup date [Sun Feb 18 20:16:38 IST 2018]; root of context hierarchy
2018-02-18 20:16:41.615  INFO - JSR-330 'javax.inject.Inject' annotation found and supported for autowiring
2018-02-18 20:16:46.127  INFO - Building JPA container EntityManagerFactory for persistence unit 'default'
2018-02-18 20:16:46.192  INFO - HHH000204: Processing PersistenceUnitInfo [
	name: default
	...]
2018-02-18 20:16:46.804  INFO - HHH000412: Hibernate Core {5.0.12.Final}
2018-02-18 20:16:46.810  INFO - HHH000206: hibernate.properties not found
2018-02-18 20:16:46.814  INFO - HHH000021: Bytecode provider name : javassist
2018-02-18 20:16:46.945  INFO - HCANN000001: Hibernate Commons Annotations {5.0.1.Final}
2018-02-18 20:16:47.495  INFO - HHH000400: Using dialect: org.hibernate.dialect.SQLServer2008Dialect
2018-02-18 20:16:48.750  WARN - HHH000065: DEPRECATED : use [org.hibernate.id.UUIDGenerator] instead with custom [org.hibernate.id.UUIDGenerationStrategy] implementation
2018-02-18 20:16:50.799  INFO - Initialized JPA EntityManagerFactory for persistence unit 'default'
2018-02-18 20:16:52.772  INFO - HHH000397: Using ASTQueryTranslatorFactory
2018-02-18 20:16:56.577  INFO - Registering beans for JMX exposure on startup
2018-02-18 20:16:56.636  INFO - Started application in 19.767 seconds (JVM running for 23.595)
2018-02-18 20:25:05.957  INFO - Closing org.springframework.context.annotation.AnnotationConfigApplicationContext@d296b40: startup date [Sun Feb 18 20:16:38 IST 2018]; root of context hierarchy
2018-02-18 20:25:26.639  INFO - Starting application on merinethomas-PC with PID 7804 (started by Norman in E:\Matha\MathaApp\matha)
2018-02-18 20:25:26.646  INFO - No active profile set, falling back to default profiles: default
2018-02-18 20:25:26.850  INFO - Refreshing org.springframework.context.annotation.AnnotationConfigApplicationContext@1b54dddb: startup date [Sun Feb 18 20:25:26 IST 2018]; root of context hierarchy
2018-02-18 20:25:29.801  INFO - JSR-330 'javax.inject.Inject' annotation found and supported for autowiring
2018-02-18 20:25:33.328  INFO - Building JPA container EntityManagerFactory for persistence unit 'default'
2018-02-18 20:25:33.413  INFO - HHH000204: Processing PersistenceUnitInfo [
	name: default
	...]
2018-02-18 20:25:34.106  INFO - HHH000412: Hibernate Core {5.0.12.Final}
2018-02-18 20:25:34.111  INFO - HHH000206: hibernate.properties not found
2018-02-18 20:25:34.114  INFO - HHH000021: Bytecode provider name : javassist
2018-02-18 20:25:34.278  INFO - HCANN000001: Hibernate Commons Annotations {5.0.1.Final}
2018-02-18 20:25:34.821  INFO - HHH000400: Using dialect: org.hibernate.dialect.SQLServer2008Dialect
2018-02-18 20:25:36.050  WARN - HHH000065: DEPRECATED : use [org.hibernate.id.UUIDGenerator] instead with custom [org.hibernate.id.UUIDGenerationStrategy] implementation
2018-02-18 20:25:37.911  INFO - Initialized JPA EntityManagerFactory for persistence unit 'default'
2018-02-18 20:25:39.561  INFO - HHH000397: Using ASTQueryTranslatorFactory
2018-02-18 20:25:42.474  INFO - Registering beans for JMX exposure on startup
2018-02-18 20:25:42.531  INFO - Started application in 17.558 seconds (JVM running for 21.648)
2018-02-18 20:27:14.014  INFO - Closing org.springframework.context.annotation.AnnotationConfigApplicationContext@1b54dddb: startup date [Sun Feb 18 20:25:26 IST 2018]; root of context hierarchy
2018-02-18 20:27:14.029  INFO - Unregistering JMX-exposed beans on shutdown
2018-02-18 20:27:14.046  INFO - Closing JPA EntityManagerFactory for persistence unit 'default'
2018-02-18 20:28:40.334  INFO - Starting application on merinethomas-PC with PID 3772 (started by Norman in E:\Matha\MathaApp\matha)
2018-02-18 20:28:40.340  INFO - No active profile set, falling back to default profiles: default
2018-02-18 20:28:40.535  INFO - Refreshing org.springframework.context.annotation.AnnotationConfigApplicationContext@53fab4a8: startup date [Sun Feb 18 20:28:40 IST 2018]; root of context hierarchy
2018-02-18 20:28:42.880  INFO - JSR-330 'javax.inject.Inject' annotation found and supported for autowiring
2018-02-18 20:28:46.538  INFO - Building JPA container EntityManagerFactory for persistence unit 'default'
2018-02-18 20:28:46.602  INFO - HHH000204: Processing PersistenceUnitInfo [
	name: default
	...]
2018-02-18 20:28:47.137  INFO - HHH000412: Hibernate Core {5.0.12.Final}
2018-02-18 20:28:47.141  INFO - HHH000206: hibernate.properties not found
2018-02-18 20:28:47.146  INFO - HHH000021: Bytecode provider name : javassist
2018-02-18 20:28:47.289  INFO - HCANN000001: Hibernate Commons Annotations {5.0.1.Final}
2018-02-18 20:28:47.783  INFO - HHH000400: Using dialect: org.hibernate.dialect.SQLServer2008Dialect
2018-02-18 20:28:48.920  WARN - HHH000065: DEPRECATED : use [org.hibernate.id.UUIDGenerator] instead with custom [org.hibernate.id.UUIDGenerationStrategy] implementation
2018-02-18 20:28:50.612  INFO - Initialized JPA EntityManagerFactory for persistence unit 'default'
2018-02-18 20:28:52.053  INFO - HHH000397: Using ASTQueryTranslatorFactory
2018-02-18 20:28:54.250  INFO - Registering beans for JMX exposure on startup
2018-02-18 20:28:54.300  INFO - Started application in 15.384 seconds (JVM running for 19.338)
2018-02-18 20:29:27.691  INFO - newInvNum 744
2018-02-18 20:33:33.918  INFO - Closing org.springframework.context.annotation.AnnotationConfigApplicationContext@53fab4a8: startup date [Sun Feb 18 20:28:40 IST 2018]; root of context hierarchy
2018-02-18 20:36:58.146  INFO - Starting application on merinethomas-PC with PID 9044 (started by Norman in E:\Matha\MathaApp\matha)
2018-02-18 20:36:58.153  INFO - No active profile set, falling back to default profiles: default
2018-02-18 20:36:58.337  INFO - Refreshing org.springframework.context.annotation.AnnotationConfigApplicationContext@752b0ce8: startup date [Sun Feb 18 20:36:58 IST 2018]; root of context hierarchy
2018-02-18 20:37:00.629  INFO - JSR-330 'javax.inject.Inject' annotation found and supported for autowiring
2018-02-18 20:37:04.560  INFO - Building JPA container EntityManagerFactory for persistence unit 'default'
2018-02-18 20:37:04.652  INFO - HHH000204: Processing PersistenceUnitInfo [
	name: default
	...]
2018-02-18 20:37:06.026  INFO - HHH000412: Hibernate Core {5.0.12.Final}
2018-02-18 20:37:06.030  INFO - HHH000206: hibernate.properties not found
2018-02-18 20:37:06.036  INFO - HHH000021: Bytecode provider name : javassist
2018-02-18 20:37:06.721  INFO - HCANN000001: Hibernate Commons Annotations {5.0.1.Final}
2018-02-18 20:37:07.621  INFO - HHH000400: Using dialect: org.hibernate.dialect.SQLServer2008Dialect
2018-02-18 20:37:08.670  WARN - HHH000065: DEPRECATED : use [org.hibernate.id.UUIDGenerator] instead with custom [org.hibernate.id.UUIDGenerationStrategy] implementation
2018-02-18 20:37:10.890  INFO - Initialized JPA EntityManagerFactory for persistence unit 'default'
2018-02-18 20:37:12.492  INFO - HHH000397: Using ASTQueryTranslatorFactory
2018-02-18 20:37:15.728  INFO - Registering beans for JMX exposure on startup
2018-02-18 20:37:15.782  INFO - Started application in 19.079 seconds (JVM running for 22.928)
2018-02-18 20:40:25.046  INFO - Closing org.springframework.context.annotation.AnnotationConfigApplicationContext@752b0ce8: startup date [Sun Feb 18 20:36:58 IST 2018]; root of context hierarchy
2018-02-18 20:40:36.531  INFO - Starting application on merinethomas-PC with PID 6532 (started by Norman in E:\Matha\MathaApp\matha)
2018-02-18 20:40:36.537  INFO - No active profile set, falling back to default profiles: default
2018-02-18 20:40:36.746  INFO - Refreshing org.springframework.context.annotation.AnnotationConfigApplicationContext@752b0ce8: startup date [Sun Feb 18 20:40:36 IST 2018]; root of context hierarchy
2018-02-18 20:40:39.228  INFO - JSR-330 'javax.inject.Inject' annotation found and supported for autowiring
2018-02-18 20:40:43.495  INFO - Building JPA container EntityManagerFactory for persistence unit 'default'
2018-02-18 20:40:43.550  INFO - HHH000204: Processing PersistenceUnitInfo [
	name: default
	...]
2018-02-18 20:40:43.792  INFO - HHH000412: Hibernate Core {5.0.12.Final}
2018-02-18 20:40:43.796  INFO - HHH000206: hibernate.properties not found
2018-02-18 20:40:43.802  INFO - HHH000021: Bytecode provider name : javassist
2018-02-18 20:40:44.195  INFO - HCANN000001: Hibernate Commons Annotations {5.0.1.Final}
2018-02-18 20:40:44.700  INFO - HHH000400: Using dialect: org.hibernate.dialect.SQLServer2008Dialect
2018-02-18 20:40:45.695  WARN - HHH000065: DEPRECATED : use [org.hibernate.id.UUIDGenerator] instead with custom [org.hibernate.id.UUIDGenerationStrategy] implementation
2018-02-18 20:40:47.371  INFO - Initialized JPA EntityManagerFactory for persistence unit 'default'
2018-02-18 20:40:48.866  INFO - HHH000397: Using ASTQueryTranslatorFactory
2018-02-18 20:40:51.205  INFO - Registering beans for JMX exposure on startup
2018-02-18 20:40:51.265  INFO - Started application in 16.224 seconds (JVM running for 20.37)
